D:\10_SOFTWARE\GITHUB\KNIGHTZBUFFERV1.0\SRC\KNIGHTZBUFFER\RELEASE\KNIGHTZBUFFER.PCH
D:\10_SOFTWARE\GITHUB\KNIGHTZBUFFERV1.0\SRC\KNIGHTZBUFFER\RELEASE\STDAFX.OBJ
D:\10_SOFTWARE\GITHUB\KNIGHTZBUFFERV1.0\SRC\KNIGHTZBUFFER\RELEASE\VC110.PDB
D:\10_SOFTWARE\GITHUB\KNIGHTZBUFFERV1.0\SRC\KNIGHTZBUFFER\RELEASE\KNIGHTOPENGL.OBJ
D:\10_SOFTWARE\GITHUB\KNIGHTZBUFFERV1.0\SRC\KNIGHTZBUFFER\RELEASE\ENGINEMAIN.OBJ
D:\10_SOFTWARE\GITHUB\KNIGHTZBUFFERV1.0\SRC\KNIGHTZBUFFER\RELEASE\KNIGHTMESH.OBJ
D:\10_SOFTWARE\GITHUB\KNIGHTZBUFFERV1.0\SRC\KNIGHTZBUFFER\RELEASE\KNGIHTOBJ.OBJ
D:\10_SOFTWARE\GITHUB\KNIGHTZBUFFERV1.0\SRC\KNIGHTZBUFFER\RELEASE\KNIGHTDEBUG.OBJ
D:\10_SOFTWARE\GITHUB\KNIGHTZBUFFERV1.0\SRC\KNIGHTZBUFFER\RELEASE\MAINFRM.OBJ
D:\10_SOFTWARE\GITHUB\KNIGHTZBUFFERV1.0\SRC\KNIGHTZBUFFER\RELEASE\KNIGHTZBUFFERVIEW.OBJ
D:\10_SOFTWARE\GITHUB\KNIGHTZBUFFERV1.0\SRC\KNIGHTZBUFFER\RELEASE\KNIGHTZBUFFERDOC.OBJ
D:\10_SOFTWARE\GITHUB\KNIGHTZBUFFERV1.0\SRC\KNIGHTZBUFFER\RELEASE\KNIGHTZBUFFER.OBJ
D:\10_SOFTWARE\GITHUB\KNIGHTZBUFFERV1.0\SRC\KNIGHTZBUFFER\RELEASE\KNIGHTSCANLINEZBUFFER.OBJ
D:\10_SOFTWARE\GITHUB\KNIGHTZBUFFERV1.0\SRC\KNIGHTZBUFFER\RELEASE\KNIGHTBUCKET.OBJ
D:\10_SOFTWARE\GITHUB\KNIGHTZBUFFERV1.0\SRC\KNIGHTZBUFFER\RELEASE\KNIGHTACTIVELIST.OBJ
D:\10_SOFTWARE\GITHUB\KNIGHTZBUFFERV1.0\SRC\RELEASE\KNIGHTZBUFFER.EXE
D:\10_SOFTWARE\GITHUB\KNIGHTZBUFFERV1.0\SRC\RELEASE\KNIGHTZBUFFER.PDB
D:\10_SOFTWARE\GITHUB\KNIGHTZBUFFERV1.0\SRC\KNIGHTZBUFFER\RELEASE\KNIGHTZBUFFER.RES
D:\10_software\github\zbuffer\src\KnightZbuffer\Release\EngineMain.obj
D:\10_software\github\zbuffer\src\KnightZbuffer\Release\KngihtObj.obj
D:\10_software\github\zbuffer\src\KnightZbuffer\Release\KnightActiveList.obj
D:\10_software\github\zbuffer\src\KnightZbuffer\Release\KnightBucket.obj
D:\10_software\github\zbuffer\src\KnightZbuffer\Release\KnightDebug.obj
D:\10_software\github\zbuffer\src\KnightZbuffer\Release\KnightMesh.obj
D:\10_software\github\zbuffer\src\KnightZbuffer\Release\KnightOpenGL.obj
D:\10_software\github\zbuffer\src\KnightZbuffer\Release\KnightScanLineZbuffer.obj
D:\10_software\github\zbuffer\src\KnightZbuffer\Release\KnightZbuffer.obj
D:\10_software\github\zbuffer\src\KnightZbuffer\Release\KnightZbufferDoc.obj
D:\10_software\github\zbuffer\src\KnightZbuffer\Release\KnightZbufferView.obj
D:\10_software\github\zbuffer\src\KnightZbuffer\Release\MainFrm.obj
D:\10_software\github\zbuffer\src\KnightZbuffer\Release\stdafx.obj
D:\10_software\github\zbuffer\src\KnightZbuffer\Release\cl.command.1.tlog
D:\10_software\github\zbuffer\src\KnightZbuffer\Release\CL.read.1.tlog
D:\10_software\github\zbuffer\src\KnightZbuffer\Release\CL.write.1.tlog
D:\10_software\github\zbuffer\src\KnightZbuffer\Release\link-cvtres.read.1.tlog
D:\10_software\github\zbuffer\src\KnightZbuffer\Release\link-cvtres.write.1.tlog
D:\10_software\github\zbuffer\src\KnightZbuffer\Release\link-mt.read.1.tlog
D:\10_software\github\zbuffer\src\KnightZbuffer\Release\link-mt.write.1.tlog
D:\10_software\github\zbuffer\src\KnightZbuffer\Release\link-rc.read.1.tlog
D:\10_software\github\zbuffer\src\KnightZbuffer\Release\link-rc.write.1.tlog
D:\10_software\github\zbuffer\src\KnightZbuffer\Release\link.command.1.tlog
D:\10_software\github\zbuffer\src\KnightZbuffer\Release\link.read.1.tlog
D:\10_software\github\zbuffer\src\KnightZbuffer\Release\link.write.1.tlog
D:\10_software\github\zbuffer\src\KnightZbuffer\Release\rc.command.1.tlog
D:\10_software\github\zbuffer\src\KnightZbuffer\Release\rc.read.1.tlog
D:\10_software\github\zbuffer\src\KnightZbuffer\Release\rc.write.1.tlog
D:\10_software\github\zbuffer\src\KnightZbuffer\Release\KnightZbuffer.res
D:\10_software\github\zbuffer\src\KnightZbuffer\Release\KnightZbuffer.pch
D:\10_software\github\zbuffer\src\KnightZbuffer\Release\vc110.pdb
D:\10_software\github\zbuffer\src\Release\KnightZbuffer.pdb
D:\10_software\github\zbuffer\src\Release\KnightZbuffer.exe
